<?xml version="1.0" encoding="UTF-8"?>
<!-- Generated by org.testng.reporters.JUnitReportReporter -->
<testsuite hostname="oodle00330" failures="0" tests="2" name="utilities.ReadAndWriteExcel" time="2.675" errors="0" timestamp="2020-12-23T15:59:26 GMT" skipped="0">
  <testcase classname="utilities.ReadAndWriteExcel" name="getCellData" time="2.543"/>
  <system-out/>
  <testcase classname="utilities.ReadAndWriteExcel" name="getNumberOfRows" time="0.132"/>
  <system-out/>
</testsuite> <!-- utilities.ReadAndWriteExcel -->
