<?xml version="1.0" encoding="UTF-8"?>
<!-- Generated by org.testng.reporters.JUnitReportReporter -->
<testsuite hostname="oodle00330" failures="0" tests="1" name="com.demoqa.testcases.DataProviderClassDemo" time="0.006" errors="0" timestamp="2020-12-27T10:24:20 GMT" skipped="0">
  <testcase classname="com.demoqa.testcases.DataProviderClassDemo" name="test1" time="0.006"/>
  <system-out/>
</testsuite> <!-- com.demoqa.testcases.DataProviderClassDemo -->
