<?xml version="1.0" encoding="UTF-8"?>
<!-- Generated by org.testng.reporters.JUnitReportReporter -->
<testsuite hostname="oodle00330" failures="0" tests="1" name="utilities.ExcelDataProvider" time="0.930" errors="0" timestamp="2020-12-26T15:25:49 GMT" skipped="0">
  <testcase classname="utilities.ExcelDataProvider" name="runMethod" time="0.930"/>
  <system-out/>
</testsuite> <!-- utilities.ExcelDataProvider -->
