<?xml version="1.0" encoding="UTF-8"?>
<!-- Generated by org.testng.reporters.JUnitReportReporter -->
<testsuite hostname="oodle00330" failures="0" tests="1" name="com.demoqa.testcases.Demo" time="0.015" errors="0" timestamp="2020-12-23T15:48:03 GMT" skipped="0">
  <testcase classname="com.demoqa.testcases.Demo" name="demo" time="0.015"/>
  <system-out/>
</testsuite> <!-- com.demoqa.testcases.Demo -->
