<?xml version="1.0" encoding="UTF-8"?>
<!-- Generated by org.testng.reporters.JUnitReportReporter -->
<testsuite hostname="oodle00330" failures="0" tests="2" name="com.demoqa.testcases.ElementsTextboxTest" time="21.308" errors="0" timestamp="2020-12-27T10:37:58 GMT" skipped="0">
  <testcase classname="com.demoqa.testcases.ElementsTextboxTest" name="textBoxTest1" time="8.825"/>
  <system-out/>
  <testcase classname="com.demoqa.testcases.ElementsTextboxTest" name="textBoxTest1" time="12.483"/>
  <system-out/>
</testsuite> <!-- com.demoqa.testcases.ElementsTextboxTest -->
